<?xml version="1.0" encoding="UTF-8"?>
<!-- Generated by org.testng.reporters.JUnitReportReporter -->
<testsuite hostname="Surya" failures="0" tests="1" name="com.naveenautomationlabs.PageTests.ForgotYourPasswordTest" time="10.742" errors="0" timestamp="2023-11-15T08:43:16 EST" skipped="0">
  <testcase classname="com.naveenautomationlabs.PageTests.ForgotYourPasswordTest" name="validateUserCannotRetreivePasswordOfAnInvalidEmail" time="10.742"/>
</testsuite> <!-- com.naveenautomationlabs.PageTests.ForgotYourPasswordTest -->
