<?xml version="1.0" encoding="UTF-8"?>
<!-- Generated by org.testng.reporters.JUnitReportReporter -->
<testsuite hostname="Surya" failures="0" tests="4" name="com.naveenautomationlabs.PageTests.ContactUsPageTest" time="48.282" errors="0" timestamp="2023-11-15T08:43:16 EST" skipped="0">
  <testcase classname="com.naveenautomationlabs.PageTests.ContactUsPageTest" name="validateIfAUserCanSubmitABlankContactUsFormWithoutLoggingIn" time="9.172"/>
  <testcase classname="com.naveenautomationlabs.PageTests.ContactUsPageTest" name="validateIfALoggedInUserCanSubmitContactUs" time="16.576"/>
  <testcase classname="com.naveenautomationlabs.PageTests.ContactUsPageTest" name="validateIfALoggedInUserCanSubmitAContactUsFormWithABlankEnquiry" time="9.383"/>
  <testcase classname="com.naveenautomationlabs.PageTests.ContactUsPageTest" name="validateIfAUserCanSubmitAContactUsFormWithoutLoggingIn" time="13.151"/>
</testsuite> <!-- com.naveenautomationlabs.PageTests.ContactUsPageTest -->
