<?xml version="1.0" encoding="UTF-8"?>
<!-- Generated by org.testng.reporters.JUnitReportReporter -->
<testsuite hostname="Surya" failures="0" tests="2" name="com.naveenautomationlabs.PageTests.LoginTest" time="17.010" errors="0" timestamp="2023-11-15T08:43:16 EST" skipped="0">
  <testcase classname="com.naveenautomationlabs.PageTests.LoginTest" name="validateUserCannotLoginWithInvalidCredentials" time="6.592"/>
  <testcase classname="com.naveenautomationlabs.PageTests.LoginTest" name="validateUserCanLoginWithValidCredentials" time="10.418"/>
</testsuite> <!-- com.naveenautomationlabs.PageTests.LoginTest -->
