<?xml version="1.0" encoding="UTF-8"?>
<!-- Generated by org.testng.reporters.JUnitReportReporter -->
<testsuite hostname="Surya" failures="0" tests="3" name="com.naveenautomationlabs.PageTests.MyAccountTest" time="23.787" errors="0" timestamp="2023-11-15T00:31:24 EST" skipped="1">
  <testcase classname="com.naveenautomationlabs.PageTests.MyAccountTest" name="validateUserCanEditTelephone" time="11.126"/>
  <testcase classname="com.naveenautomationlabs.PageTests.MyAccountTest" name="validateUserCanEditName" time="12.661"/>
  <testcase classname="com.naveenautomationlabs.PageTests.MyAccountTest" name="validateUserCanUpdatePassword">
    <skipped/>
  </testcase> <!-- validateUserCanUpdatePassword -->
</testsuite> <!-- com.naveenautomationlabs.PageTests.MyAccountTest -->
