<?xml version="1.0" encoding="UTF-8"?>
<!-- Generated by org.testng.reporters.JUnitReportReporter -->
<testsuite hostname="Surya" failures="0" tests="1" name="com.naveenautomationlabs.PageTests.LaptopsAndNotebooksPageTest" time="11.394" errors="0" timestamp="2023-11-15T11:37:26 EST" skipped="0">
  <testcase classname="com.naveenautomationlabs.PageTests.LaptopsAndNotebooksPageTest" name="validateIfWeCanToGridView" time="11.394"/>
</testsuite> <!-- com.naveenautomationlabs.PageTests.LaptopsAndNotebooksPageTest -->
