<?xml version="1.0" encoding="UTF-8"?>
<!-- Generated by org.testng.reporters.JUnitReportReporter -->
<testsuite hostname="Surya" failures="0" tests="1" name="com.surya.PageObjectModel.ProductReturnsTest" time="181.449" errors="0" timestamp="27 Oct 2023 07:25:23 GMT" skipped="0">
  <testcase classname="com.surya.PageObjectModel.ProductReturnsTest" name="validateUserCanViewReturns" time="181.449"/>
</testsuite> <!-- com.surya.PageObjectModel.ProductReturnsTest -->
