<?xml version="1.0" encoding="UTF-8"?>
<!-- Generated by org.testng.reporters.JUnitReportReporter -->
<testsuite hostname="Surya" failures="0" tests="1" name="com.surya.PageObjectModel.ForgotYourPasswordTest" time="10.004" errors="0" timestamp="09 Oct 2023 14:05:27 GMT" skipped="0">
  <testcase classname="com.surya.PageObjectModel.ForgotYourPasswordTest" name="validateUserCannotRetreivePasswordOfAnInvalidEmail" time="10.004"/>
</testsuite> <!-- com.surya.PageObjectModel.ForgotYourPasswordTest -->
