<?xml version="1.0" encoding="UTF-8"?>
<!-- Generated by org.testng.reporters.JUnitReportReporter -->
<testsuite hostname="Surya" failures="0" tests="1" name="com.naveenautomationlabs.PageTests.HomePageTest" time="17.105" errors="0" timestamp="2023-11-15T08:43:16 EST" skipped="0">
  <testcase classname="com.naveenautomationlabs.PageTests.HomePageTest" name="validateUserCanNavigateToHomepageAfterLoggingOut" time="17.105"/>
</testsuite> <!-- com.naveenautomationlabs.PageTests.HomePageTest -->
