<?xml version="1.0" encoding="UTF-8"?>
<!-- Generated by org.testng.reporters.JUnitReportReporter -->
<testsuite hostname="Surya" failures="0" tests="1" name="com.surya.PageObjectModel.HomeTest" time="9.411" errors="0" timestamp="09 Oct 2023 13:32:59 GMT" skipped="0">
  <testcase classname="com.surya.PageObjectModel.HomeTest" name="validateUserCanNavigateToHomepageAfterLoggingOut" time="9.411"/>
</testsuite> <!-- com.surya.PageObjectModel.HomeTest -->
