<?xml version="1.0" encoding="UTF-8"?>
<!-- Generated by org.testng.reporters.JUnitReportReporter -->
<testsuite hostname="Surya" failures="0" tests="1" name="com.surya.PageObjectModel.AccountLogOutTest" time="57.189" errors="0" timestamp="05 Nov 2023 05:18:17 GMT" skipped="0">
  <testcase classname="com.surya.PageObjectModel.AccountLogOutTest" name="validateUserCanLogoutFromTheirAccount" time="57.189"/>
</testsuite> <!-- com.surya.PageObjectModel.AccountLogOutTest -->
