<?xml version="1.0" encoding="UTF-8"?>
<!-- Generated by org.testng.reporters.JUnitReportReporter -->
<testsuite hostname="Surya" failures="0" tests="1" name="com.naveenautomationlabs.PageTests.RegistrationPageTest" time="35.911" errors="0" timestamp="2023-11-16T14:07:46 EST" skipped="0">
  <testcase classname="com.naveenautomationlabs.PageTests.RegistrationPageTest" name="ValidateUserCannotRegisterwithoutCheckingTheAgreeToCheckbox" time="35.911"/>
</testsuite> <!-- com.naveenautomationlabs.PageTests.RegistrationPageTest -->
