<?xml version="1.0" encoding="UTF-8"?>
<!-- Generated by org.testng.reporters.JUnitReportReporter -->
<testsuite hostname="Surya" failures="0" tests="1" name="com.naveenautomationlabs.PageTests.AccountLogOutTest" time="14.256" errors="0" timestamp="2023-11-15T08:43:17 EST" skipped="0">
  <testcase classname="com.naveenautomationlabs.PageTests.AccountLogOutTest" name="validateUserCanLogoutFromTheirAccount" time="14.256"/>
</testsuite> <!-- com.naveenautomationlabs.PageTests.AccountLogOutTest -->
