<?xml version="1.0" encoding="UTF-8"?>
<!-- Generated by org.testng.reporters.JUnitReportReporter -->
<testsuite hostname="Surya" failures="0" tests="1" name="com.naveenautomationlabs.PageTests.ProductReturnsTest" time="9.720" errors="0" timestamp="2023-11-15T08:43:16 EST" skipped="0">
  <testcase classname="com.naveenautomationlabs.PageTests.ProductReturnsTest" name="validateUserCanViewReturns" time="9.720"/>
</testsuite> <!-- com.naveenautomationlabs.PageTests.ProductReturnsTest -->
