<?xml version="1.0" encoding="UTF-8"?>
<!-- Generated by org.testng.reporters.JUnitReportReporter -->
<testsuite hostname="Surya" failures="0" tests="2" name="com.surya.PageObjectModel.LoginTest" time="16.027" errors="0" timestamp="2023-11-05T09:14:11 EST" skipped="0">
  <testcase classname="com.surya.PageObjectModel.LoginTest" name="validateUserCannotLoginWithInvalidCredentials" time="10.325"/>
  <testcase classname="com.surya.PageObjectModel.LoginTest" name="validateUserCanLoginWithValidCredentials" time="5.702"/>
</testsuite> <!-- com.surya.PageObjectModel.LoginTest -->
