<?xml version="1.0" encoding="UTF-8"?>
<!-- Generated by org.testng.reporters.JUnitReportReporter -->
<testsuite hostname="Surya" failures="0" tests="1" name="com.surya.PageObjectModel.MyAccountTest" time="71.916" errors="0" timestamp="27 Oct 2023 07:54:02 GMT" skipped="0">
  <testcase classname="com.surya.PageObjectModel.MyAccountTest" name="validateUserCanEditName" time="71.916"/>
</testsuite> <!-- com.surya.PageObjectModel.MyAccountTest -->
