<?xml version="1.0" encoding="UTF-8"?>
<!-- Generated by org.testng.reporters.JUnitReportReporter -->
<testsuite hostname="Surya" failures="0" tests="3" name="com.naveenautomationlabs.PageTests.AddressBookPageTest" time="39.222" errors="0" timestamp="2023-11-15T08:43:16 EST" skipped="0">
  <testcase classname="com.naveenautomationlabs.PageTests.AddressBookPageTest" name="validateIfAnUserCanAddANewAddressToAddressBook" time="14.938"/>
  <testcase classname="com.naveenautomationlabs.PageTests.AddressBookPageTest" name="validateIfUserCanEditAnExistingAddressInAddressBook" time="13.379"/>
  <testcase classname="com.naveenautomationlabs.PageTests.AddressBookPageTest" name="validateIfAnUserCanDeleteAnExistingAddressInAddressBook" time="10.905"/>
</testsuite> <!-- com.naveenautomationlabs.PageTests.AddressBookPageTest -->
