<?xml version="1.0" encoding="UTF-8"?>
<!-- Generated by org.testng.reporters.JUnitReportReporter -->
<testsuite hostname="Surya" failures="0" tests="2" name="com.naveenautomationlabs.PageTests.EditAccountInfoTest" time="21.053" errors="0" timestamp="2023-11-15T08:43:17 EST" skipped="0">
  <testcase classname="com.naveenautomationlabs.PageTests.EditAccountInfoTest" name="validateUserCanEditTelephone" time="10.557"/>
  <testcase classname="com.naveenautomationlabs.PageTests.EditAccountInfoTest" name="validateUserCanEditName" time="10.496"/>
</testsuite> <!-- com.naveenautomationlabs.PageTests.EditAccountInfoTest -->
