<?xml version="1.0" encoding="UTF-8"?>
<!-- Generated by org.testng.reporters.JUnitReportReporter -->
<testsuite hostname="Surya" failures="0" tests="2" name="com.naveenautomationlabs.PageTests.NewsletterPageTest" time="27.314" errors="0" timestamp="2023-11-15T08:43:16 EST" skipped="0">
  <testcase classname="com.naveenautomationlabs.PageTests.NewsletterPageTest" name="validateIfNewsletterCanBeSubscribed" time="14.311"/>
  <testcase classname="com.naveenautomationlabs.PageTests.NewsletterPageTest" name="validateIfNewsletterCanBeUnSubscribed" time="13.003"/>
</testsuite> <!-- com.naveenautomationlabs.PageTests.NewsletterPageTest -->
