<?xml version="1.0" encoding="UTF-8"?>
<!-- Generated by org.testng.reporters.JUnitReportReporter -->
<testsuite hostname="Surya" failures="0" tests="2" name="com.naveenautomationlabs.PageTests.EditAccountInfoTest" time="23.297" errors="0" timestamp="15 Nov 2023 13:51:57 GMT" skipped="0">
  <testcase classname="com.naveenautomationlabs.PageTests.EditAccountInfoTest" name="validateUserCanEditTelephone" time="11.962"/>
  <testcase classname="com.naveenautomationlabs.PageTests.EditAccountInfoTest" name="validateUserCanEditName" time="11.335"/>
</testsuite> <!-- com.naveenautomationlabs.PageTests.EditAccountInfoTest -->
