<?xml version="1.0" encoding="UTF-8"?>
<!-- Generated by org.testng.reporters.JUnitReportReporter -->
<testsuite hostname="Surya" failures="0" tests="3" name="com.naveenautomationlabs.PageTests.MyAccountTest" time="23.765" errors="0" timestamp="15 Nov 2023 05:35:14 GMT" skipped="1">
  <testcase classname="com.naveenautomationlabs.PageTests.MyAccountTest" name="validateUserCanEditName" time="12.815"/>
  <testcase classname="com.naveenautomationlabs.PageTests.MyAccountTest" name="validateUserCanEditTelephone" time="10.950"/>
  <testcase classname="com.naveenautomationlabs.PageTests.MyAccountTest" name="validateUserCanUpdatePassword">
    <skipped/>
  </testcase> <!-- validateUserCanUpdatePassword -->
</testsuite> <!-- com.naveenautomationlabs.PageTests.MyAccountTest -->
