<?xml version="1.0" encoding="UTF-8"?>
<!-- Generated by org.testng.reporters.JUnitReportReporter -->
<testsuite hostname="Surya" failures="0" tests="2" name="com.naveenautomationlabs.PageTests.NewsletterPageTest" time="23.346" errors="0" timestamp="15 Nov 2023 13:51:57 GMT" skipped="0">
  <testcase classname="com.naveenautomationlabs.PageTests.NewsletterPageTest" name="validateIfNewsletterCanBeUnSubscribed" time="14.443"/>
  <testcase classname="com.naveenautomationlabs.PageTests.NewsletterPageTest" name="validateIfNewsletterCanBeSubscribed" time="8.903"/>
</testsuite> <!-- com.naveenautomationlabs.PageTests.NewsletterPageTest -->
