<?xml version="1.0" encoding="UTF-8"?>
<!-- Generated by org.testng.reporters.JUnitReportReporter -->
<testsuite hostname="Surya" failures="0" tests="1" name="com.naveenautomationlabs.PageTests.HomePageTest" time="16.455" errors="0" timestamp="15 Nov 2023 13:51:57 GMT" skipped="0">
  <testcase classname="com.naveenautomationlabs.PageTests.HomePageTest" name="validateUserCanNavigateToHomepageAfterLoggingOut" time="16.455"/>
</testsuite> <!-- com.naveenautomationlabs.PageTests.HomePageTest -->
