<?xml version="1.0" encoding="UTF-8"?>
<!-- Generated by org.testng.reporters.JUnitReportReporter -->
<testsuite hostname="Surya" failures="0" tests="4" name="com.naveenautomationlabs.PageTests.ContactUsPageTest" time="46.563" errors="0" timestamp="15 Nov 2023 13:51:57 GMT" skipped="0">
  <testcase classname="com.naveenautomationlabs.PageTests.ContactUsPageTest" name="validateIfALoggedInUserCanSubmitAContactUsFormWithABlankEnquiry" time="12.595"/>
  <testcase classname="com.naveenautomationlabs.PageTests.ContactUsPageTest" name="validateIfALoggedInUserCanSubmitContactUs" time="14.084"/>
  <testcase classname="com.naveenautomationlabs.PageTests.ContactUsPageTest" name="validateIfAUserCanSubmitAContactUsFormWithoutLoggingIn" time="10.853"/>
  <testcase classname="com.naveenautomationlabs.PageTests.ContactUsPageTest" name="validateIfAUserCanSubmitABlankContactUsFormWithoutLoggingIn" time="9.031"/>
</testsuite> <!-- com.naveenautomationlabs.PageTests.ContactUsPageTest -->
