<?xml version="1.0" encoding="UTF-8"?>
<!-- Generated by org.testng.reporters.JUnitReportReporter -->
<testsuite hostname="Surya" failures="0" tests="2" name="com.naveenautomationlabs.PageTests.LoginTest" time="24.490" errors="0" timestamp="15 Nov 2023 13:51:57 GMT" skipped="0">
  <testcase classname="com.naveenautomationlabs.PageTests.LoginTest" name="validateUserCanLoginWithValidCredentials" time="9.284"/>
  <testcase classname="com.naveenautomationlabs.PageTests.LoginTest" name="validateUserCannotLoginWithInvalidCredentials" time="15.206"/>
</testsuite> <!-- com.naveenautomationlabs.PageTests.LoginTest -->
