<?xml version="1.0" encoding="UTF-8"?>
<!-- Generated by org.testng.reporters.JUnitReportReporter -->
<testsuite hostname="Surya" failures="0" tests="3" name="com.naveenautomationlabs.PageTests.AddressBookPageTest" time="39.848" errors="0" timestamp="15 Nov 2023 13:51:57 GMT" skipped="0">
  <testcase classname="com.naveenautomationlabs.PageTests.AddressBookPageTest" name="validateIfUserCanEditAnExistingAddressInAddressBook" time="13.229"/>
  <testcase classname="com.naveenautomationlabs.PageTests.AddressBookPageTest" name="validateIfAnUserCanDeleteAnExistingAddressInAddressBook" time="11.729"/>
  <testcase classname="com.naveenautomationlabs.PageTests.AddressBookPageTest" name="validateIfAnUserCanAddANewAddressToAddressBook" time="14.890"/>
</testsuite> <!-- com.naveenautomationlabs.PageTests.AddressBookPageTest -->
